python -m unittest -q test.test_utils.TestUtil.test_parse_iso8601
RUN EVERY COMMAND
0


======================================================================
ERROR: test_parse_iso8601 (test.test_utils.TestUtil)
----------------------------------------------------------------------
Traceback (most recent call last):
  File "/home/user/projects/youtube-dl/test/test_utils.py", line 292, in test_parse_iso8601
    self.assertEqual(parse_iso8601('2014-03-23T22:04:26.1234Z'), 1395612266)
  File "/home/user/projects/youtube-dl/youtube_dl/utils.py", line 942, in parse_iso8601
    dt = datetime.datetime.strptime(date_str, date_format) - timezone
  File "/home/user/.conda/envs/7c82e6e79bef089fa6b92454d0dfbaa4/lib/python3.7/_strptime.py", line 577, in _strptime_datetime
    tt, fraction, gmtoff_fraction = _strptime(data_string, format)
  File "/home/user/.conda/envs/7c82e6e79bef089fa6b92454d0dfbaa4/lib/python3.7/_strptime.py", line 362, in _strptime
    data_string[found.end():])
ValueError: unconverted data remains: .1234

----------------------------------------------------------------------
Ran 1 test in 0.026s

FAILED (errors=1)
