pytest tests/test_ws_router.py::test_router
pytest tests/test_ws_router.py::test_prefix_router
RUN EVERY COMMAND
0


============================= test session starts ==============================
platform linux -- Python 3.8.3, pytest-5.4.3, py-1.8.1, pluggy-0.13.1
rootdir: /home/user/projects/fastapi
plugins: cov-2.9.0
collected 1 item

tests/test_ws_router.py F                                                [100%]

=================================== FAILURES ===================================
_________________________________ test_router __________________________________

    def test_router():
        client = TestClient(app)
>       with client.websocket_connect("/router") as websocket:

tests/test_ws_router.py:44: 
_ _ _ _ _ _ _ _ _ _ _ _ _ _ _ _ _ _ _ _ _ _ _ _ _ _ _ _ _ _ _ _ _ _ _ _ _ _ _ _ 
../../.conda/envs/235ca55b977721137e676add71d64e98/lib/python3.8/site-packages/starlette/testclient.py:436: in websocket_connect
    super().request("GET", url, **kwargs)
../../.conda/envs/235ca55b977721137e676add71d64e98/lib/python3.8/site-packages/requests/sessions.py:530: in request
    resp = self.send(prep, **send_kwargs)
../../.conda/envs/235ca55b977721137e676add71d64e98/lib/python3.8/site-packages/requests/sessions.py:643: in send
    r = adapter.send(request, **kwargs)
../../.conda/envs/235ca55b977721137e676add71d64e98/lib/python3.8/site-packages/starlette/testclient.py:140: in send
    session = WebSocketTestSession(self.app, scope)
../../.conda/envs/235ca55b977721137e676add71d64e98/lib/python3.8/site-packages/starlette/testclient.py:273: in __init__
    self._raise_on_close(message)
_ _ _ _ _ _ _ _ _ _ _ _ _ _ _ _ _ _ _ _ _ _ _ _ _ _ _ _ _ _ _ _ _ _ _ _ _ _ _ _ 

self = <starlette.testclient.WebSocketTestSession object at 0x7fd195d99cd0>
message = {'code': 1000, 'type': 'websocket.close'}

    def _raise_on_close(self, message: Message) -> None:
        if message["type"] == "websocket.close":
>           raise WebSocketDisconnect(message.get("code", 1000))
E           starlette.websockets.WebSocketDisconnect: 1000

../../.conda/envs/235ca55b977721137e676add71d64e98/lib/python3.8/site-packages/starlette/testclient.py:309: WebSocketDisconnect
=============================== warnings summary ===============================
/home/user/.conda/envs/235ca55b977721137e676add71d64e98/lib/python3.8/site-packages/pydantic/version.py:5
  /home/user/.conda/envs/235ca55b977721137e676add71d64e98/lib/python3.8/site-packages/pydantic/version.py:5: DeprecationWarning: distutils Version classes are deprecated. Use packaging.version instead.
    VERSION = StrictVersion('0.26')

/home/user/.conda/envs/235ca55b977721137e676add71d64e98/lib/python3.8/site-packages/aiofiles/os.py:10
/home/user/.conda/envs/235ca55b977721137e676add71d64e98/lib/python3.8/site-packages/aiofiles/os.py:10
/home/user/.conda/envs/235ca55b977721137e676add71d64e98/lib/python3.8/site-packages/aiofiles/os.py:10
/home/user/.conda/envs/235ca55b977721137e676add71d64e98/lib/python3.8/site-packages/aiofiles/os.py:10
/home/user/.conda/envs/235ca55b977721137e676add71d64e98/lib/python3.8/site-packages/aiofiles/os.py:10
/home/user/.conda/envs/235ca55b977721137e676add71d64e98/lib/python3.8/site-packages/aiofiles/os.py:10
  /home/user/.conda/envs/235ca55b977721137e676add71d64e98/lib/python3.8/site-packages/aiofiles/os.py:10: DeprecationWarning: "@coroutine" decorator is deprecated since Python 3.8, use "async def" instead
    def run(*args, loop=None, executor=None, **kwargs):

-- Docs: https://docs.pytest.org/en/latest/warnings.html
=========================== short test summary info ============================
FAILED tests/test_ws_router.py::test_router - starlette.websockets.WebSocketD...
======================== 1 failed, 7 warnings in 0.73s =========================
RUN EVERY COMMAND
1
pytest tests/test_ws_router.py::test_router

============================= test session starts ==============================
platform linux -- Python 3.8.3, pytest-5.4.3, py-1.8.1, pluggy-0.13.1
rootdir: /home/user/projects/fastapi
plugins: cov-2.9.0
collected 1 item

tests/test_ws_router.py F                                                [100%]

=================================== FAILURES ===================================
______________________________ test_prefix_router ______________________________

    def test_prefix_router():
        client = TestClient(app)
>       with client.websocket_connect("/prefix/") as websocket:

tests/test_ws_router.py:51: 
_ _ _ _ _ _ _ _ _ _ _ _ _ _ _ _ _ _ _ _ _ _ _ _ _ _ _ _ _ _ _ _ _ _ _ _ _ _ _ _ 
../../.conda/envs/235ca55b977721137e676add71d64e98/lib/python3.8/site-packages/starlette/testclient.py:436: in websocket_connect
    super().request("GET", url, **kwargs)
../../.conda/envs/235ca55b977721137e676add71d64e98/lib/python3.8/site-packages/requests/sessions.py:530: in request
    resp = self.send(prep, **send_kwargs)
../../.conda/envs/235ca55b977721137e676add71d64e98/lib/python3.8/site-packages/requests/sessions.py:643: in send
    r = adapter.send(request, **kwargs)
../../.conda/envs/235ca55b977721137e676add71d64e98/lib/python3.8/site-packages/starlette/testclient.py:140: in send
    session = WebSocketTestSession(self.app, scope)
../../.conda/envs/235ca55b977721137e676add71d64e98/lib/python3.8/site-packages/starlette/testclient.py:273: in __init__
    self._raise_on_close(message)
_ _ _ _ _ _ _ _ _ _ _ _ _ _ _ _ _ _ _ _ _ _ _ _ _ _ _ _ _ _ _ _ _ _ _ _ _ _ _ _ 

self = <starlette.testclient.WebSocketTestSession object at 0x7f25f7fb8a90>
message = {'code': 1000, 'type': 'websocket.close'}

    def _raise_on_close(self, message: Message) -> None:
        if message["type"] == "websocket.close":
>           raise WebSocketDisconnect(message.get("code", 1000))
E           starlette.websockets.WebSocketDisconnect: 1000

../../.conda/envs/235ca55b977721137e676add71d64e98/lib/python3.8/site-packages/starlette/testclient.py:309: WebSocketDisconnect
=============================== warnings summary ===============================
/home/user/.conda/envs/235ca55b977721137e676add71d64e98/lib/python3.8/site-packages/pydantic/version.py:5
  /home/user/.conda/envs/235ca55b977721137e676add71d64e98/lib/python3.8/site-packages/pydantic/version.py:5: DeprecationWarning: distutils Version classes are deprecated. Use packaging.version instead.
    VERSION = StrictVersion('0.26')

/home/user/.conda/envs/235ca55b977721137e676add71d64e98/lib/python3.8/site-packages/aiofiles/os.py:10
/home/user/.conda/envs/235ca55b977721137e676add71d64e98/lib/python3.8/site-packages/aiofiles/os.py:10
/home/user/.conda/envs/235ca55b977721137e676add71d64e98/lib/python3.8/site-packages/aiofiles/os.py:10
/home/user/.conda/envs/235ca55b977721137e676add71d64e98/lib/python3.8/site-packages/aiofiles/os.py:10
/home/user/.conda/envs/235ca55b977721137e676add71d64e98/lib/python3.8/site-packages/aiofiles/os.py:10
/home/user/.conda/envs/235ca55b977721137e676add71d64e98/lib/python3.8/site-packages/aiofiles/os.py:10
  /home/user/.conda/envs/235ca55b977721137e676add71d64e98/lib/python3.8/site-packages/aiofiles/os.py:10: DeprecationWarning: "@coroutine" decorator is deprecated since Python 3.8, use "async def" instead
    def run(*args, loop=None, executor=None, **kwargs):

-- Docs: https://docs.pytest.org/en/latest/warnings.html
=========================== short test summary info ============================
FAILED tests/test_ws_router.py::test_prefix_router - starlette.websockets.Web...
======================== 1 failed, 7 warnings in 0.63s =========================
