python -m unittest -q tests.test_spidermiddleware_offsite.TestOffsiteMiddleware4._get_spiderargs
python -m unittest -q tests.test_spidermiddleware_offsite.TestOffsiteMiddleware4.test_process_spider_output
RUN EVERY COMMAND
0


/opt/conda/envs/efb64380dc38f78881cf0b6bb8b65677/lib/python3.8/site-packages/twisted/conch/manhole.py:172: DeprecationWarning: invalid escape sequence \)
  """
======================================================================
ERROR: _get_spiderargs (tests.test_spidermiddleware_offsite.TestOffsiteMiddleware4)
----------------------------------------------------------------------
Traceback (most recent call last):
  File "/home/user/BugsInPy/temp/projects/scrapy/tests/test_spidermiddleware_offsite.py", line 17, in setUp
    self.mw.spider_opened(self.spider)
  File "/home/user/BugsInPy/temp/projects/scrapy/scrapy/spidermiddlewares/offsite.py", line 67, in spider_opened
    self.host_regex = self.get_host_regex(spider)
  File "/home/user/BugsInPy/temp/projects/scrapy/scrapy/spidermiddlewares/offsite.py", line 58, in get_host_regex
    if url_pattern.match(domain):
TypeError: expected string or bytes-like object

----------------------------------------------------------------------
Ran 1 test in 0.387s

FAILED (errors=1)
RUN EVERY COMMAND
1
python -m unittest -q tests.test_spidermiddleware_offsite.TestOffsiteMiddleware4._get_spiderargs

======================================================================
ERROR: test_process_spider_output (tests.test_spidermiddleware_offsite.TestOffsiteMiddleware4)
----------------------------------------------------------------------
Traceback (most recent call last):
  File "/home/user/BugsInPy/temp/projects/scrapy/tests/test_spidermiddleware_offsite.py", line 17, in setUp
    self.mw.spider_opened(self.spider)
  File "/home/user/BugsInPy/temp/projects/scrapy/scrapy/spidermiddlewares/offsite.py", line 67, in spider_opened
    self.host_regex = self.get_host_regex(spider)
  File "/home/user/BugsInPy/temp/projects/scrapy/scrapy/spidermiddlewares/offsite.py", line 58, in get_host_regex
    if url_pattern.match(domain):
TypeError: expected string or bytes-like object

----------------------------------------------------------------------
Ran 1 test in 0.134s

FAILED (errors=1)
