python -m unittest -q tests.test_black.BlackTestCase.test_fmtonoff4
RUN EVERY COMMAND
0


======================================================================
ERROR: test_fmtonoff4 (tests.test_black.BlackTestCase)
----------------------------------------------------------------------
Traceback (most recent call last):
  File "/opt/conda/envs/9975e41e088302bd9e3d9af7a8db556f/lib/python3.8/unittest/mock.py", line 1325, in patched
    return func(*newargs, **newkeywargs)
  File "/home/user/BugsInPy/temp/projects/black/tests/test_black.py", line 637, in test_fmtonoff4
    source, expected = read_data("fmtonoff4")
  File "/home/user/BugsInPy/temp/projects/black/tests/test_black.py", line 58, in read_data
    with open(base_dir / name, "r", encoding="utf8") as test:
FileNotFoundError: [Errno 2] No such file or directory: '/home/user/BugsInPy/temp/projects/black/tests/data/fmtonoff4.py'

----------------------------------------------------------------------
Ran 1 test in 0.002s

FAILED (errors=1)
