python -m unittest -q tests.test_utils_misc.__init__.UtilsMiscTestCase.test_create_instance
RUN EVERY COMMAND
0


======================================================================
FAIL: test_create_instance (tests.test_utils_misc.__init__.UtilsMiscTestCase)
----------------------------------------------------------------------
Traceback (most recent call last):
  File "/home/user/BugsInPy/temp/projects/scrapy/tests/test_utils_misc/__init__.py", line 140, in test_create_instance
    create_instance(m, settings, None)
AssertionError: TypeError not raised

----------------------------------------------------------------------
Ran 1 test in 0.005s

FAILED (failures=1)
