python -m unittest -q test.test_utils.TestUtil.test_url_basename
RUN EVERY COMMAND
0


======================================================================
FAIL: test_url_basename (test.test_utils.TestUtil)
----------------------------------------------------------------------
Traceback (most recent call last):
  File "/home/user/projects/youtube-dl/test/test_utils.py", line 193, in test_url_basename
    u'trailer.mp4')
AssertionError: '' != 'trailer.mp4'
+ trailer.mp4

----------------------------------------------------------------------
Ran 1 test in 0.001s

FAILED (failures=1)
