python -m unittest -q tests.test_mail.MailSenderTest.test_send_single_values_to_and_cc
RUN EVERY COMMAND
0


======================================================================
ERROR: test_send_single_values_to_and_cc (tests.test_mail.MailSenderTest)
----------------------------------------------------------------------
Traceback (most recent call last):
  File "/home/user/BugsInPy/temp/projects/scrapy/tests/test_mail.py", line 30, in test_send_single_values_to_and_cc
    mailsender.send(to='test@scrapy.org', subject='subject', body='body',
  File "/home/user/BugsInPy/temp/projects/scrapy/scrapy/mail.py", line 57, in send
    rcpts.extend(cc)
AttributeError: 'str' object has no attribute 'extend'

----------------------------------------------------------------------
Ran 1 test in 0.001s

FAILED (errors=1)
