python -m unittest -q tests.test_downloadermiddleware_redirect.RedirectMiddlewareTest.test_latin1_location
python -m unittest -q tests.test_downloadermiddleware_redirect.RedirectMiddlewareTest.test_utf8_location
RUN EVERY COMMAND
0


/opt/conda/envs/d1c8290a2b3392119abd6a96898a8742/lib/python3.8/site-packages/twisted/conch/manhole.py:172: DeprecationWarning: invalid escape sequence \)
  """
/home/user/BugsInPy/temp/projects/scrapy/tests/test_downloadermiddleware_redirect.py:161: DeprecationWarning: Please use assertEqual instead.
  self.assertEquals(perc_encoded_utf8_url, req_result.url)
======================================================================
FAIL: test_latin1_location (tests.test_downloadermiddleware_redirect.RedirectMiddlewareTest)
----------------------------------------------------------------------
Traceback (most recent call last):
  File "/home/user/BugsInPy/temp/projects/scrapy/tests/test_downloadermiddleware_redirect.py", line 161, in test_latin1_location
    self.assertEquals(perc_encoded_utf8_url, req_result.url)
AssertionError: 'http://scrapytest.org/a%E7%E3o' != 'http://scrapytest.org/a%C3%A7%C3%A3o'
- http://scrapytest.org/a%E7%E3o
?                         ^  ^
+ http://scrapytest.org/a%C3%A7%C3%A3o
?                         ^^^^  ^^^^


----------------------------------------------------------------------
Ran 1 test in 0.537s

FAILED (failures=1)
RUN EVERY COMMAND
1
python -m unittest -q tests.test_downloadermiddleware_redirect.RedirectMiddlewareTest.test_latin1_location

/home/user/BugsInPy/temp/projects/scrapy/tests/test_downloadermiddleware_redirect.py:169: DeprecationWarning: Please use assertEqual instead.
  self.assertEquals(perc_encoded_utf8_url, req_result.url)
======================================================================
FAIL: test_utf8_location (tests.test_downloadermiddleware_redirect.RedirectMiddlewareTest)
----------------------------------------------------------------------
Traceback (most recent call last):
  File "/home/user/BugsInPy/temp/projects/scrapy/tests/test_downloadermiddleware_redirect.py", line 169, in test_utf8_location
    self.assertEquals(perc_encoded_utf8_url, req_result.url)
AssertionError: 'http://scrapytest.org/a%C3%A7%C3%A3o' != 'http://scrapytest.org/a%C3%83%C2%A7%C3%83%C2%A3o'
- http://scrapytest.org/a%C3%A7%C3%A3o
+ http://scrapytest.org/a%C3%83%C2%A7%C3%83%C2%A3o
?                            ++++++      ++++++


----------------------------------------------------------------------
Ran 1 test in 0.280s

FAILED (failures=1)
